#
# There is insufficient memory for the Java Runtime Environment to continue.
# Native memory allocation (mmap) failed to map 100663296 bytes for Failed to commit area from 0x00000000e0000000 to 0x00000000e6000000 of length 100663296.
# Possible reasons:
#   The system is out of physical RAM or swap space
#   The process is running with CompressedOops enabled, and the Java Heap may be blocking the growth of the native heap
# Possible solutions:
#   Reduce memory load on the system
#   Increase physical memory or swap space
#   Check if swap backing store is full
#   Decrease Java heap size (-Xmx/-Xms)
#   Decrease number of Java threads
#   Decrease Java thread stack sizes (-Xss)
#   Set larger code cache with -XX:ReservedCodeCacheSize=
# This output file may be truncated or incomplete.
#
#  Out of Memory Error (./src/hotspot/os/windows/os_windows.cpp:3303), pid=7464, tid=8224
#
# JRE version:  (11.0.8+10) (build )
# Java VM: OpenJDK 64-Bit Server VM (11.0.8+10-b944.34, mixed mode, sharing, tiered, compressed oops, g1 gc, windows-amd64)
# No core dump will be written. Minidumps are not enabled by default on client versions of Windows
#

---------------  S U M M A R Y ------------

Command Line: -Dorg.gradle.native=false -Xmx512m -Dfile.encoding=utf-8 -Duser.country=RU -Duser.language=ru -Duser.variant -ea worker.org.gradle.process.internal.worker.GradleWorkerMain 'Gradle Test Executor 1'

Host: Intel(R) Core(TM)2 Quad CPU    Q8400  @ 2.66GHz, 4 cores, 5G,  Windows 10 , 64 bit Build 19041 (10.0.19041.545)
Time: Sun Nov 22 14:31:28 2020 Западная Азия (зима) elapsed time: 0 seconds (0d 0h 0m 0s)

---------------  T H R E A D  ---------------

Current thread (0x00000266ffe8d800):  JavaThread "Unknown thread" [_thread_in_vm, id=8224, stack(0x00000098fc000000,0x00000098fc100000)]

Stack: [0x00000098fc000000,0x00000098fc100000]
Native frames: (J=compiled Java code, j=interpreted, Vv=VM code, C=native code)
V  [jvm.dll+0x5de35a]
V  [jvm.dll+0x712355]
V  [jvm.dll+0x7138ad]
V  [jvm.dll+0x713f63]
V  [jvm.dll+0x23e628]
V  [jvm.dll+0x5db804]
V  [jvm.dll+0x5d0925]
V  [jvm.dll+0x2faf9b]
V  [jvm.dll+0x2faf0a]
V  [jvm.dll+0x2fade2]
V  [jvm.dll+0x2ffcb6]
V  [jvm.dll+0x3483a3]
V  [jvm.dll+0x348aa6]
V  [jvm.dll+0x3484a3]
V  [jvm.dll+0x2d5be8]
V  [jvm.dll+0x2d6d87]
V  [jvm.dll+0x6f10e7]
V  [jvm.dll+0x6f28dc]
V  [jvm.dll+0x3558f9]
V  [jvm.dll+0x6d492e]
V  [jvm.dll+0x3bdad3]
V  [jvm.dll+0x3bfd01]
C  [jli.dll+0x5373]
C  [ucrtbase.dll+0x214c2]
C  [KERNEL32.DLL+0x17034]
C  [ntdll.dll+0x4cec1]


---------------  P R O C E S S  ---------------

Threads class SMR info:
_java_thread_list=0x00000266fddf1250, length=0, elements={
}

Java Threads: ( => current thread )

Other Threads:
  0x00000266ffee4000 GCTaskThread "GC Thread#0" [stack: 0x00000098fc100000,0x00000098fc200000] [id=8228]
  0x00000266ffef3000 ConcurrentGCThread "G1 Main Marker" [stack: 0x00000098fc200000,0x00000098fc300000] [id=8232]
  0x00000266ffef4800 ConcurrentGCThread "G1 Conc#0" [stack: 0x00000098fc300000,0x00000098fc400000] [id=8236]

[error occurred during error reporting (printing all threads), id 0xc0000005, EXCEPTION_ACCESS_VIOLATION (0xc0000005) at pc=0x00007ffabbd360c7]

VM state:not at safepoint (not fully initialized)

VM Mutex/Monitor currently owned by a thread:  ([mutex/lock_event])
[0x00000266ffe8d300] Heap_lock - owner thread: 0x00000266ffe8d800

Heap address: 0x00000000e0000000, size: 512 MB, Compressed Oops mode: Non-zero based: 0x00000000e0000000
Narrow klass base: 0x0000000000000000, Narrow klass shift: 0

GC Heap History (0 events):
No events

Deoptimization events (0 events):
No events

Classes redefined (0 events):
No events

Internal exceptions (0 events):
No events

Events (1 events):
Event: 0.012 Loaded shared library C:\Program Files\JetBrains\IntelliJ IDEA Community Edition 2020.2.3\jbr\bin\zip.dll


Dynamic libraries:
0x00007ff7752a0000 - 0x00007ff7752aa000 	C:\Program Files\JetBrains\IntelliJ IDEA Community Edition 2020.2.3\jbr\bin\java.exe
0x00007ffaeefb0000 - 0x00007ffaef1a6000 	C:\Windows\SYSTEM32\ntdll.dll
0x00007ffaeea70000 - 0x00007ffaeeb2d000 	C:\Windows\System32\KERNEL32.DLL
0x00007ffaeccc0000 - 0x00007ffaecf88000 	C:\Windows\System32\KERNELBASE.dll
0x00007ffaec890000 - 0x00007ffaec990000 	C:\Windows\System32\ucrtbase.dll
0x00007ffad0bd0000 - 0x00007ffad0be9000 	C:\Program Files\JetBrains\IntelliJ IDEA Community Edition 2020.2.3\jbr\bin\jli.dll
0x00007ffad0bf0000 - 0x00007ffad0c07000 	C:\Program Files\JetBrains\IntelliJ IDEA Community Edition 2020.2.3\jbr\bin\VCRUNTIME140.dll
0x00007ffaeeb70000 - 0x00007ffaeed10000 	C:\Windows\System32\USER32.dll
0x00007ffaecf90000 - 0x00007ffaecfb2000 	C:\Windows\System32\win32u.dll
0x00007ffad9ac0000 - 0x00007ffad9d5b000 	C:\Windows\WinSxS\amd64_microsoft.windows.common-controls_6595b64144ccf1df_6.0.19041.488_none_ca04af081b815d21\COMCTL32.dll
0x00007ffaed680000 - 0x00007ffaed6aa000 	C:\Windows\System32\GDI32.dll
0x00007ffaed8b0000 - 0x00007ffaed94e000 	C:\Windows\System32\msvcrt.dll
0x00007ffaec700000 - 0x00007ffaec809000 	C:\Windows\System32\gdi32full.dll
0x00007ffaeca10000 - 0x00007ffaecaad000 	C:\Windows\System32\msvcp_win.dll
0x00007ffaeeb40000 - 0x00007ffaeeb70000 	C:\Windows\System32\IMM32.DLL
0x00007ffac8160000 - 0x00007ffac81fd000 	C:\Program Files\JetBrains\IntelliJ IDEA Community Edition 2020.2.3\jbr\bin\msvcp140.dll
0x00007ffabba50000 - 0x00007ffabc50d000 	C:\Program Files\JetBrains\IntelliJ IDEA Community Edition 2020.2.3\jbr\bin\server\jvm.dll
0x00007ffaed020000 - 0x00007ffaed0ca000 	C:\Windows\System32\ADVAPI32.dll
0x00007ffaee6f0000 - 0x00007ffaee78b000 	C:\Windows\System32\sechost.dll
0x00007ffaee940000 - 0x00007ffaeea64000 	C:\Windows\System32\RPCRT4.dll
0x00007ffaee230000 - 0x00007ffaee238000 	C:\Windows\System32\PSAPI.DLL
0x00007ffada900000 - 0x00007ffada909000 	C:\Windows\SYSTEM32\WSOCK32.dll
0x00007ffae3d80000 - 0x00007ffae3da7000 	C:\Windows\SYSTEM32\WINMM.dll
0x00007ffaee680000 - 0x00007ffaee6eb000 	C:\Windows\System32\WS2_32.dll
0x00007ffae70b0000 - 0x00007ffae70ba000 	C:\Windows\SYSTEM32\VERSION.dll
0x00007ffaea670000 - 0x00007ffaea682000 	C:\Windows\SYSTEM32\kernel.appcore.dll
0x00007ffad8c20000 - 0x00007ffad8c31000 	C:\Program Files\JetBrains\IntelliJ IDEA Community Edition 2020.2.3\jbr\bin\verify.dll
0x00007ffad6260000 - 0x00007ffad6444000 	C:\Windows\SYSTEM32\DBGHELP.DLL
0x00007ffad6160000 - 0x00007ffad618c000 	C:\Windows\SYSTEM32\dbgcore.DLL
0x00007ffaec810000 - 0x00007ffaec88f000 	C:\Windows\System32\bcryptPrimitives.dll
0x00007ffad8bf0000 - 0x00007ffad8c19000 	C:\Program Files\JetBrains\IntelliJ IDEA Community Edition 2020.2.3\jbr\bin\java.dll
0x00007ffad8be0000 - 0x00007ffad8beb000 	C:\Program Files\JetBrains\IntelliJ IDEA Community Edition 2020.2.3\jbr\bin\jimage.dll
0x00007ffad8bc0000 - 0x00007ffad8bd8000 	C:\Program Files\JetBrains\IntelliJ IDEA Community Edition 2020.2.3\jbr\bin\zip.dll

dbghelp: loaded successfully - version: 4.0.5 - missing functions: none
symbol engine: initialized successfully - sym options: 0x614 - pdb path: .;C:\Program Files\JetBrains\IntelliJ IDEA Community Edition 2020.2.3\jbr\bin;C:\Windows\SYSTEM32;C:\Windows\WinSxS\amd64_microsoft.windows.common-controls_6595b64144ccf1df_6.0.19041.488_none_ca04af081b815d21;C:\Program Files\JetBrains\IntelliJ IDEA Community Edition 2020.2.3\jbr\bin\server

VM Arguments:
jvm_args: -Dorg.gradle.native=false -Xmx512m -Dfile.encoding=utf-8 -Duser.country=RU -Duser.language=ru -Duser.variant -ea 
java_command: worker.org.gradle.process.internal.worker.GradleWorkerMain 'Gradle Test Executor 1'
java_class_path (initial): C:\Users\user\.gradle\caches\6.6.1\workerMain\gradle-worker.jar;E:\Максад\Bulls and Cows2\Bulls and Cows\task\build\classes\java\test;E:\Максад\Bulls and Cows2\Bulls and Cows\task\build\resources\test;E:\Максад\Bulls and Cows2\Bulls and Cows\task\build\classes\java\main;E:\Максад\Bulls and Cows2\Bulls and Cows\task\build\resources\main;C:\Users\user\.gradle\caches\modules-2\files-2.1\com.github.hyperskill\hs-test\release-SNAPSHOT\d1175d7c02ae30ec0dc4b424f7d0db826112f75b\hs-test-release-SNAPSHOT.jar;C:\Users\user\.gradle\caches\modules-2\files-2.1\org.assertj\assertj-swing-junit\3.8.0\51a93135b0edac8f92cd67bceea6efa2e2dfa870\assertj-swing-junit-3.8.0.jar;C:\Users\user\.gradle\caches\modules-2\files-2.1\com.github.stefanbirkner\system-rules\1.19.0\d541c9a1cff0dda32e2436c74562e2e4aa6c88cd\system-rules-1.19.0.jar;C:\Users\user\.gradle\caches\modules-2\files-2.1\junit\junit\4.12\2973d150c0dc1fefe998f834810d68f278ea58ec\junit-4.12.jar;C:\Users\user\.gradle\caches\modules-2\files-2.1\org.apache.httpcomponents\httpclient\4.5.9\a25c1be5ce99d0ce99aa43eb982868c796dd0775\httpclient-4.5.9.jar;C:\Users\user\.gradle\caches\modules-2\files-2.1\com.google.code.gson\gson\2.8.5\f645ed69d595b24d4cf8b3fbb64cc505bede8829\gson-2.8.5.jar;C:\Users\user\.gradle\caches\modules-2\files-2.1\com.cedarsoftware\json-io\4.10.1\e9083dfdee4899ad2f6a83618c20ab3d7b88430b\json-io-4.10.1.jar;C:\Users\user\.gradle\caches\modules-2\files-2.1\com.fasterxml.jackson.core\jackson-databind\2.9.8\11283f21cc480aa86c4df7a0a3243ec508372ed2\jackson-databind-2.9.8.jar;C:\Users\user\.gradle\caches\modules-2\files-2.1\org.hamcrest\hamcrest-core\1.3\42a25dc3219429f0e5d060061f71acb49bf010a0\hamcrest-core-1.3.jar;C:\Users\user\.gradle\caches\modules-2\files-2.1\org.assertj\assertj-swing\3.8.0\43e985f95237bf9c5fbfa21230f30cc5e859a4fb\assertj-swing-3.8.0.jar;C:\Users\user\.gradle\caches\modules-2\files-2.1\org.easytesting\fest-reflect\1.4.1\2b92d5275e92a49e16c7ce6bd7e46b9080db0530\fest-reflect-1
Launcher Type: SUN_STANDARD

[Global flags]
     intx CICompilerCount                          = 3                                         {product} {ergonomic}
     uint ConcGCThreads                            = 1                                         {product} {ergonomic}
     uint G1ConcRefinementThreads                  = 4                                         {product} {ergonomic}
   size_t G1HeapRegionSize                         = 1048576                                   {product} {ergonomic}
    uintx GCDrainStackTargetSize                   = 64                                        {product} {ergonomic}
   size_t InitialHeapSize                          = 100663296                                 {product} {ergonomic}
   size_t MarkStackSize                            = 4194304                                   {product} {ergonomic}
   size_t MaxHeapSize                              = 536870912                                 {product} {command line}
   size_t MinHeapDeltaBytes                        = 1048576                                   {product} {ergonomic}
    uintx NonNMethodCodeHeapSize                   = 5830732                                {pd product} {ergonomic}
    uintx NonProfiledCodeHeapSize                  = 122913754                              {pd product} {ergonomic}
    uintx ProfiledCodeHeapSize                     = 122913754                              {pd product} {ergonomic}
    uintx ReservedCodeCacheSize                    = 251658240                              {pd product} {ergonomic}
     bool SegmentedCodeCache                       = true                                      {product} {ergonomic}
     bool UseCompressedClassPointers               = true                                 {lp64_product} {ergonomic}
     bool UseCompressedOops                        = true                                 {lp64_product} {ergonomic}
     bool UseG1GC                                  = true                                      {product} {ergonomic}
     bool UseLargePagesIndividualAllocation        = false                                  {pd product} {ergonomic}

Logging:
Log output configuration:
 #0: stdout all=warning uptime,level,tags
 #1: stderr all=off uptime,level,tags

Environment Variables:
PATH=C:\Program Files\Common Files\Oracle\Java\javapath;C:\Windows\system32;C:\Windows;C:\Windows\System32\Wbem;C:\Windows\System32\WindowsPowerShell\v1.0\;C:\Program Files (x86)\Brackets\command;C:\Program Files (x86)\NVIDIA Corporation\PhysX\Common;C:\Program Files\Git\cmd;C:\Program Files\nodejs\;C:\Users\user\AppData\Local\Microsoft\WindowsApps;C:\Users\user\AppData\Roaming\npm
USERNAME=user
OS=Windows_NT
PROCESSOR_IDENTIFIER=Intel64 Family 6 Model 23 Stepping 10, GenuineIntel



---------------  S Y S T E M  ---------------

OS: Windows 10 , 64 bit Build 19041 (10.0.19041.545)
OS uptime: 0 days 3:39 hours

CPU:total 4 (initial active 4) (4 cores per cpu, 1 threads per core) family 6 model 23 stepping 10, cmov, cx8, fxsr, mmx, sse, sse2, sse3, ssse3, sse4.1, tsc

Memory: 4k page, system-wide physical 6143M (955M free)
TotalPageFile size 6143M (AvailPageFile size 42M)
current process WorkingSet (physical memory assigned to process): 9M, peak: 9M
current process commit charge ("private bytes"): 51M, peak: 147M

vm_info: OpenJDK 64-Bit Server VM (11.0.8+10-b944.34) for windows-amd64 JRE (11.0.8+10-b944.34), built on Sep 11 2020 15:32:11 by "" with MS VC++ 14.0 (VS2015)

END.
